<?xml version="1.0" encoding="UTF-8"?>
<!-- Generated by org.testng.reporters.JUnitXMLReporter -->
<testsuite ignored="0" hostname="DESKTOP-OM29UJU" failures="1" tests="2" name="Test" time="125.872" errors="0" timestamp="2025-04-10T13:07:05 IST">
  <testcase classname="testScripts.CITet" name="imgSave" time="34.077"/>
  <testcase classname="testScripts.CITet" name="faitetcae" time="27.349">
    <failure type="java.lang.AssertionError" message="The following asserts failed:
	expected [true] but found [false]">
      <![CDATA[java.lang.AssertionError: The following asserts failed:
expected [true] but found [false]
at testScripts.CITet.faitetcae(CITet.java:30)
at java.base/java.util.ArrayList.forEach(ArrayList.java:1597)
... Removed 27 stack frames]]>
    </failure>
  </testcase> <!-- faitetcae -->
</testsuite> <!-- Test -->
